13:56:51.448 INFO  Loading commands... 
13:56:52.138 DEBUG Skipping slash command avatar. Disabled! 
13:56:52.159 DEBUG Skipping slash command botinvite. Disabled! 
13:56:52.208 DEBUG Skipping slash command botstats. Disabled! 
13:56:52.223 DEBUG Skipping slash command channelinfo. Disabled! 
13:56:52.246 DEBUG Skipping slash command emojiinfo. Disabled! 
13:56:52.287 DEBUG Skipping slash command guildinfo. Disabled! 
13:56:52.398 DEBUG Skipping command bot. Disabled! 
13:56:52.414 DEBUG Skipping command info. Disabled! 
13:56:52.416 DEBUG Skipping slash command uptime. Disabled! 
13:56:52.428 DEBUG Skipping slash command userinfo. Disabled! 
13:56:52.630 DEBUG Skipping slash command deafen. Disabled! 
13:56:52.653 DEBUG Skipping slash command disconnect. Disabled! 
13:56:52.694 DEBUG Skipping slash command move. Disabled! 
13:56:52.726 DEBUG Skipping slash command purge. Disabled! 
13:56:52.740 DEBUG Skipping slash command purgeattach. Disabled! 
13:56:52.750 DEBUG Skipping slash command purgebots. Disabled! 
13:56:52.762 DEBUG Skipping slash command purgelinks. Disabled! 
13:56:52.776 DEBUG Skipping slash command purgetoken. Disabled! 
13:56:52.793 DEBUG Skipping slash command purgeuser. Disabled! 
13:56:52.836 DEBUG Skipping command purge. Disabled! 
13:56:52.845 DEBUG Skipping command voice. Disabled! 
13:56:52.873 DEBUG Skipping slash command undeafen. Disabled! 
13:56:52.882 DEBUG Skipping slash command unmute. Disabled! 
13:56:52.892 DEBUG Skipping slash command vmute. Disabled! 
13:56:52.909 DEBUG Skipping slash command vunmute. Disabled! 
13:56:53.276 INFO  Loaded 90 commands 
13:56:53.278 INFO  Loaded 73 slash commands 
13:56:53.280 INFO  Loading contexts... 
13:56:53.286 INFO  Loaded 2 USER contexts 
13:56:53.287 INFO  Loaded 0 MESSAGE contexts 
13:56:53.288 INFO  Loading events... 
13:56:53.527 INFO  Loaded 20 events. Success (20) Failed (0) 
13:56:53.983 INFO  VersionCheck: Your discord bot is up to date 
13:56:53.985 INFO  Validating config.js and environment variables 
13:56:53.987 INFO  Launching dashboard 
13:56:56.178 INFO  Connecting to MongoDb... 
13:56:56.188 INFO  Dashboard is listening on port 8080 
13:56:56.948 INFO  Mongoose: Database connection established 
13:56:57.727 INFO  Logged in as Administração 24/7#5708! (914361895291617291) 
13:56:57.729 INFO  Initializing music manager 
13:56:58.148 INFO  Successfully registered slash commands 
13:56:58.289 INFO  Node "Something Host" connected 
13:56:58.356 INFO  Node "DBL Lavalink" connected 
14:10:12.815 INFO  Loading commands... 
14:10:12.976 DEBUG Skipping slash command avatar. Disabled! 
14:10:12.979 DEBUG Skipping slash command botinvite. Disabled! 
14:10:12.985 DEBUG Skipping slash command botstats. Disabled! 
14:10:12.988 DEBUG Skipping slash command channelinfo. Disabled! 
14:10:12.990 DEBUG Skipping slash command emojiinfo. Disabled! 
14:10:12.993 DEBUG Skipping slash command guildinfo. Disabled! 
14:10:13.010 DEBUG Skipping command bot. Disabled! 
14:10:13.012 DEBUG Skipping command info. Disabled! 
14:10:13.013 DEBUG Skipping slash command uptime. Disabled! 
14:10:13.015 DEBUG Skipping slash command userinfo. Disabled! 
14:10:13.043 DEBUG Skipping slash command deafen. Disabled! 
14:10:13.047 DEBUG Skipping slash command disconnect. Disabled! 
14:10:13.053 DEBUG Skipping slash command move. Disabled! 
14:10:13.058 DEBUG Skipping slash command purge. Disabled! 
14:10:13.060 DEBUG Skipping slash command purgeattach. Disabled! 
14:10:13.061 DEBUG Skipping slash command purgebots. Disabled! 
14:10:13.062 DEBUG Skipping slash command purgelinks. Disabled! 
14:10:13.064 DEBUG Skipping slash command purgetoken. Disabled! 
14:10:13.065 DEBUG Skipping slash command purgeuser. Disabled! 
14:10:13.070 DEBUG Skipping command purge. Disabled! 
14:10:13.120 DEBUG Skipping command voice. Disabled! 
14:10:13.123 DEBUG Skipping slash command undeafen. Disabled! 
14:10:13.125 DEBUG Skipping slash command unmute. Disabled! 
14:10:13.126 DEBUG Skipping slash command vmute. Disabled! 
14:10:13.128 DEBUG Skipping slash command vunmute. Disabled! 
14:10:13.183 INFO  Loaded 90 commands 
14:10:13.183 INFO  Loaded 73 slash commands 
14:10:13.185 INFO  Loading contexts... 
14:10:13.190 INFO  Loaded 2 USER contexts 
14:10:13.191 INFO  Loaded 0 MESSAGE contexts 
14:10:13.191 INFO  Loading events... 
14:10:13.278 INFO  Loaded 20 events. Success (20) Failed (0) 
14:10:13.676 INFO  VersionCheck: Your discord bot is up to date 
14:10:13.678 INFO  Validating config.js and environment variables 
14:10:13.680 INFO  Launching dashboard 
14:10:13.990 INFO  Connecting to MongoDb... 
14:10:14.001 INFO  Dashboard is listening on port 8080 
14:10:15.324 INFO  Mongoose: Database connection established 
14:10:16.126 INFO  Logged in as Administração 24/7#5708! (914361895291617291) 
14:10:16.129 INFO  Initializing music manager 
14:10:16.532 INFO  Successfully registered slash commands 
14:10:16.694 INFO  Node "Something Host" connected 
14:10:16.753 INFO  Node "DBL Lavalink" connected 
14:13:33.608 INFO  Loading commands... 
14:13:33.789 DEBUG Skipping slash command avatar. Disabled! 
14:13:33.792 DEBUG Skipping slash command botinvite. Disabled! 
14:13:33.798 DEBUG Skipping slash command botstats. Disabled! 
14:13:33.801 DEBUG Skipping slash command channelinfo. Disabled! 
14:13:33.803 DEBUG Skipping slash command emojiinfo. Disabled! 
14:13:33.807 DEBUG Skipping slash command guildinfo. Disabled! 
14:13:33.823 DEBUG Skipping command bot. Disabled! 
14:13:33.826 DEBUG Skipping command info. Disabled! 
14:13:33.827 DEBUG Skipping slash command uptime. Disabled! 
14:13:33.828 DEBUG Skipping slash command userinfo. Disabled! 
14:13:33.857 DEBUG Skipping slash command deafen. Disabled! 
14:13:33.860 DEBUG Skipping slash command disconnect. Disabled! 
14:13:33.864 DEBUG Skipping slash command move. Disabled! 
14:13:33.870 DEBUG Skipping slash command purge. Disabled! 
14:13:33.871 DEBUG Skipping slash command purgeattach. Disabled! 
14:13:33.873 DEBUG Skipping slash command purgebots. Disabled! 
14:13:33.875 DEBUG Skipping slash command purgelinks. Disabled! 
14:13:33.877 DEBUG Skipping slash command purgetoken. Disabled! 
14:13:33.878 DEBUG Skipping slash command purgeuser. Disabled! 
14:13:33.883 DEBUG Skipping command purge. Disabled! 
14:13:33.885 DEBUG Skipping command voice. Disabled! 
14:13:33.888 DEBUG Skipping slash command undeafen. Disabled! 
14:13:33.890 DEBUG Skipping slash command unmute. Disabled! 
14:13:33.891 DEBUG Skipping slash command vmute. Disabled! 
14:13:33.893 DEBUG Skipping slash command vunmute. Disabled! 
14:13:33.954 INFO  Loaded 90 commands 
14:13:33.956 INFO  Loaded 73 slash commands 
14:13:33.958 INFO  Loading contexts... 
14:13:33.963 INFO  Loaded 2 USER contexts 
14:13:33.964 INFO  Loaded 0 MESSAGE contexts 
14:13:33.966 INFO  Loading events... 
14:13:34.041 INFO  Loaded 20 events. Success (20) Failed (0) 
14:13:34.450 INFO  VersionCheck: Your discord bot is up to date 
14:13:34.453 INFO  Validating config.js and environment variables 
14:13:34.455 INFO  Launching dashboard 
14:13:34.845 INFO  Connecting to MongoDb... 
14:13:34.856 INFO  Dashboard is listening on port 8080 
14:13:35.567 INFO  Mongoose: Database connection established 
14:13:36.367 INFO  Logged in as Administração 24/7#5708! (914361895291617291) 
14:13:36.370 INFO  Initializing music manager 
14:13:36.726 INFO  Successfully registered slash commands 
14:13:36.896 INFO  Node "Something Host" connected 
14:13:36.950 INFO  Node "DBL Lavalink" connected 
14:28:56.190 INFO  Loading commands... 
14:28:56.568 DEBUG Skipping slash command avatar. Disabled! 
14:28:56.575 DEBUG Skipping slash command botinvite. Disabled! 
14:28:56.590 DEBUG Skipping slash command botstats. Disabled! 
14:28:56.597 DEBUG Skipping slash command channelinfo. Disabled! 
14:28:56.602 DEBUG Skipping slash command emojiinfo. Disabled! 
14:28:56.609 DEBUG Skipping slash command guildinfo. Disabled! 
14:28:56.648 DEBUG Skipping command bot. Disabled! 
14:28:56.652 DEBUG Skipping command info. Disabled! 
14:28:56.654 DEBUG Skipping slash command uptime. Disabled! 
14:28:56.658 DEBUG Skipping slash command userinfo. Disabled! 
14:28:56.708 DEBUG Skipping slash command deafen. Disabled! 
14:28:56.712 DEBUG Skipping slash command disconnect. Disabled! 
14:28:56.720 DEBUG Skipping slash command move. Disabled! 
14:28:56.728 DEBUG Skipping slash command purge. Disabled! 
14:28:56.731 DEBUG Skipping slash command purgeattach. Disabled! 
14:28:56.734 DEBUG Skipping slash command purgebots. Disabled! 
14:28:56.736 DEBUG Skipping slash command purgelinks. Disabled! 
14:28:56.738 DEBUG Skipping slash command purgetoken. Disabled! 
14:28:56.741 DEBUG Skipping slash command purgeuser. Disabled! 
14:28:56.751 DEBUG Skipping command purge. Disabled! 
14:28:56.756 DEBUG Skipping command voice. Disabled! 
14:28:56.760 DEBUG Skipping slash command undeafen. Disabled! 
14:28:56.764 DEBUG Skipping slash command unmute. Disabled! 
14:28:56.768 DEBUG Skipping slash command vmute. Disabled! 
14:28:56.770 DEBUG Skipping slash command vunmute. Disabled! 
14:28:56.867 INFO  Loaded 90 commands 
14:28:56.870 INFO  Loaded 73 slash commands 
14:28:56.872 INFO  Loading contexts... 
14:28:56.880 INFO  Loaded 2 USER contexts 
14:28:56.882 INFO  Loaded 0 MESSAGE contexts 
14:28:56.884 INFO  Loading events... 
14:28:57.025 INFO  Loaded 20 events. Success (20) Failed (0) 
14:28:57.595 INFO  VersionCheck: Your discord bot is up to date 
14:28:57.600 INFO  Validating config.js and environment variables 
14:28:57.602 INFO  Launching dashboard 
14:28:58.048 INFO  Connecting to MongoDb... 
14:28:58.072 INFO  Dashboard is listening on port 8080 
14:28:58.839 INFO  Mongoose: Database connection established 
14:28:59.616 INFO  Logged in as Administração 24/7#5708! (914361895291617291) 
14:28:59.619 INFO  Initializing music manager 
14:29:00.028 INFO  Successfully registered slash commands 
14:29:00.190 INFO  Node "Something Host" connected 
14:29:00.250 INFO  Node "DBL Lavalink" connected 
14:31:10.379 INFO  Loading commands... 
14:31:10.546 DEBUG Skipping slash command avatar. Disabled! 
14:31:10.549 DEBUG Skipping slash command botinvite. Disabled! 
14:31:10.554 DEBUG Skipping slash command botstats. Disabled! 
14:31:10.558 DEBUG Skipping slash command channelinfo. Disabled! 
14:31:10.560 DEBUG Skipping slash command emojiinfo. Disabled! 
14:31:10.563 DEBUG Skipping slash command guildinfo. Disabled! 
14:31:10.580 DEBUG Skipping command bot. Disabled! 
14:31:10.582 DEBUG Skipping command info. Disabled! 
14:31:10.583 DEBUG Skipping slash command uptime. Disabled! 
14:31:10.585 DEBUG Skipping slash command userinfo. Disabled! 
14:31:10.613 DEBUG Skipping slash command deafen. Disabled! 
14:31:10.616 DEBUG Skipping slash command disconnect. Disabled! 
14:31:10.620 DEBUG Skipping slash command move. Disabled! 
14:31:10.624 DEBUG Skipping slash command purge. Disabled! 
14:31:10.625 DEBUG Skipping slash command purgeattach. Disabled! 
14:31:10.626 DEBUG Skipping slash command purgebots. Disabled! 
14:31:10.628 DEBUG Skipping slash command purgelinks. Disabled! 
14:31:10.629 DEBUG Skipping slash command purgetoken. Disabled! 
14:31:10.631 DEBUG Skipping slash command purgeuser. Disabled! 
14:31:10.636 DEBUG Skipping command purge. Disabled! 
14:31:10.638 DEBUG Skipping command voice. Disabled! 
14:31:10.641 DEBUG Skipping slash command undeafen. Disabled! 
14:31:10.642 DEBUG Skipping slash command unmute. Disabled! 
14:31:10.644 DEBUG Skipping slash command vmute. Disabled! 
14:31:10.646 DEBUG Skipping slash command vunmute. Disabled! 
14:31:10.702 INFO  Loaded 90 commands 
14:31:10.704 INFO  Loaded 73 slash commands 
14:31:10.706 INFO  Loading contexts... 
14:31:10.712 INFO  Loaded 2 USER contexts 
14:31:10.713 INFO  Loaded 0 MESSAGE contexts 
14:31:10.714 INFO  Loading events... 
14:31:10.804 INFO  Loaded 20 events. Success (20) Failed (0) 
14:31:11.221 INFO  VersionCheck: Your discord bot is up to date 
14:31:11.229 INFO  Validating config.js and environment variables 
14:31:11.231 INFO  Launching dashboard 
14:31:11.591 INFO  Connecting to MongoDb... 
14:31:11.603 INFO  Dashboard is listening on port 8080 
14:31:12.380 INFO  Mongoose: Database connection established 
14:31:13.257 INFO  Logged in as Administração 24/7#5708! (914361895291617291) 
14:31:13.260 INFO  Initializing music manager 
14:31:13.708 INFO  Successfully registered slash commands 
14:31:13.777 INFO  Node "Something Host" connected 
14:31:13.840 INFO  Node "DBL Lavalink" connected 
15:41:59.388 INFO  Loading commands... 
15:41:59.965 DEBUG Skipping slash command avatar. Disabled! 
15:41:59.969 DEBUG Skipping slash command botinvite. Disabled! 
15:41:59.974 DEBUG Skipping slash command botstats. Disabled! 
15:41:59.976 DEBUG Skipping slash command channelinfo. Disabled! 
15:41:59.979 DEBUG Skipping slash command emojiinfo. Disabled! 
15:41:59.983 DEBUG Skipping slash command guildinfo. Disabled! 
15:41:59.997 DEBUG Skipping command bot. Disabled! 
15:42:00.000 DEBUG Skipping command info. Disabled! 
15:42:00.018 DEBUG Skipping slash command uptime. Disabled! 
15:42:00.020 DEBUG Skipping slash command userinfo. Disabled! 
15:42:00.083 DEBUG Skipping slash command deafen. Disabled! 
15:42:00.090 DEBUG Skipping slash command disconnect. Disabled! 
15:42:00.095 DEBUG Skipping slash command move. Disabled! 
15:42:00.099 DEBUG Skipping slash command purge. Disabled! 
15:42:00.101 DEBUG Skipping slash command purgeattach. Disabled! 
15:42:00.103 DEBUG Skipping slash command purgebots. Disabled! 
15:42:00.104 DEBUG Skipping slash command purgelinks. Disabled! 
15:42:00.105 DEBUG Skipping slash command purgetoken. Disabled! 
15:42:00.107 DEBUG Skipping slash command purgeuser. Disabled! 
15:42:00.111 DEBUG Skipping command purge. Disabled! 
15:42:00.113 DEBUG Skipping command voice. Disabled! 
15:42:00.117 DEBUG Skipping slash command undeafen. Disabled! 
15:42:00.119 DEBUG Skipping slash command unmute. Disabled! 
15:42:00.120 DEBUG Skipping slash command vmute. Disabled! 
15:42:00.122 DEBUG Skipping slash command vunmute. Disabled! 
15:42:00.198 INFO  Loaded 90 commands 
15:42:00.198 INFO  Loaded 73 slash commands 
15:42:00.199 INFO  Loading contexts... 
15:42:00.205 INFO  Loaded 2 USER contexts 
15:42:00.205 INFO  Loaded 0 MESSAGE contexts 
15:42:00.206 INFO  Loading events... 
15:42:00.308 INFO  Loaded 20 events. Success (20) Failed (0) 
15:42:01.320 INFO  VersionCheck: Your discord bot is up to date 
15:42:01.322 INFO  Validating config.js and environment variables 
15:42:01.324 INFO  Launching dashboard 
15:42:01.838 INFO  Connecting to MongoDb... 
15:42:01.897 INFO  Dashboard is listening on port 8080 
15:42:02.657 INFO  Mongoose: Database connection established 
15:42:03.486 INFO  Logged in as Administração 24/7#5708! (914361895291617291) 
15:42:03.489 INFO  Initializing music manager 
15:42:03.900 INFO  Successfully registered slash commands 
15:42:04.099 INFO  Node "Something Host" connected 
15:42:04.385 INFO  Node "DBL Lavalink" connected 
15:52:57.209 WARN  Node "DBL Lavalink" is reconnecting 
15:53:19.522 INFO  Node "DBL Lavalink" connected 
17:27:42.085 INFO  Loading commands... 
17:27:43.012 DEBUG Skipping slash command avatar. Disabled! 
17:27:43.037 DEBUG Skipping slash command botinvite. Disabled! 
17:27:43.064 DEBUG Skipping slash command botstats. Disabled! 
17:27:43.068 DEBUG Skipping slash command channelinfo. Disabled! 
17:27:43.071 DEBUG Skipping slash command emojiinfo. Disabled! 
17:27:43.075 DEBUG Skipping slash command guildinfo. Disabled! 
17:27:43.117 DEBUG Skipping command bot. Disabled! 
17:27:43.120 DEBUG Skipping command info. Disabled! 
17:27:43.121 DEBUG Skipping slash command uptime. Disabled! 
17:27:43.123 DEBUG Skipping slash command userinfo. Disabled! 
17:27:43.195 DEBUG Skipping slash command deafen. Disabled! 
17:27:43.199 DEBUG Skipping slash command disconnect. Disabled! 
17:27:43.205 DEBUG Skipping slash command move. Disabled! 
17:27:43.211 DEBUG Skipping slash command purge. Disabled! 
17:27:43.213 DEBUG Skipping slash command purgeattach. Disabled! 
17:27:43.215 DEBUG Skipping slash command purgebots. Disabled! 
17:27:43.217 DEBUG Skipping slash command purgelinks. Disabled! 
17:27:43.219 DEBUG Skipping slash command purgetoken. Disabled! 
17:27:43.221 DEBUG Skipping slash command purgeuser. Disabled! 
17:27:43.237 DEBUG Skipping command purge. Disabled! 
17:27:43.240 DEBUG Skipping command voice. Disabled! 
17:27:43.253 DEBUG Skipping slash command undeafen. Disabled! 
17:27:43.256 DEBUG Skipping slash command unmute. Disabled! 
17:27:43.257 DEBUG Skipping slash command vmute. Disabled! 
17:27:43.260 DEBUG Skipping slash command vunmute. Disabled! 
17:27:43.441 INFO  Loaded 90 commands 
17:27:43.442 INFO  Loaded 73 slash commands 
17:27:43.443 INFO  Loading contexts... 
17:27:43.448 INFO  Loaded 2 USER contexts 
17:27:43.449 INFO  Loaded 0 MESSAGE contexts 
17:27:43.450 INFO  Loading events... 
17:27:43.584 INFO  Loaded 20 events. Success (20) Failed (0) 
17:27:44.407 INFO  VersionCheck: Your discord bot is up to date 
17:27:44.413 INFO  Validating config.js and environment variables 
17:27:44.414 INFO  Launching dashboard 
17:27:46.162 INFO  Connecting to MongoDb... 
17:27:46.187 INFO  Dashboard is listening on port 8080 
17:27:47.362 INFO  Mongoose: Database connection established 
17:27:48.168 INFO  Logged in as Administração 24/7#5708! (914361895291617291) 
17:27:48.171 INFO  Initializing music manager 
17:27:48.523 INFO  Successfully registered slash commands 
17:27:48.745 INFO  Node "Something Host" connected 
17:27:49.075 INFO  Node "DBL Lavalink" connected 
18:01:20.191 WARN  Node "DBL Lavalink" is reconnecting 
18:01:57.244 INFO  Node "DBL Lavalink" connected 
18:47:01.924 INFO  Loading commands... 
18:47:02.915 DEBUG Skipping slash command avatar. Disabled! 
18:47:03.527 DEBUG Skipping slash command botinvite. Disabled! 
18:47:03.766 DEBUG Skipping slash command botstats. Disabled! 
18:47:03.859 DEBUG Skipping slash command channelinfo. Disabled! 
18:47:04.013 DEBUG Skipping slash command emojiinfo. Disabled! 
18:47:04.188 DEBUG Skipping slash command guildinfo. Disabled! 
18:47:04.322 DEBUG Skipping command bot. Disabled! 
18:47:04.326 DEBUG Skipping command info. Disabled! 
18:47:04.327 DEBUG Skipping slash command uptime. Disabled! 
18:47:04.330 DEBUG Skipping slash command userinfo. Disabled! 
18:47:04.993 DEBUG Skipping slash command deafen. Disabled! 
18:47:04.999 DEBUG Skipping slash command disconnect. Disabled! 
18:47:05.005 DEBUG Skipping slash command move. Disabled! 
18:47:05.013 DEBUG Skipping slash command purge. Disabled! 
18:47:05.015 DEBUG Skipping slash command purgeattach. Disabled! 
18:47:05.017 DEBUG Skipping slash command purgebots. Disabled! 
18:47:05.019 DEBUG Skipping slash command purgelinks. Disabled! 
18:47:05.021 DEBUG Skipping slash command purgetoken. Disabled! 
18:47:05.024 DEBUG Skipping slash command purgeuser. Disabled! 
18:47:05.052 DEBUG Skipping command purge. Disabled! 
18:47:05.055 DEBUG Skipping command voice. Disabled! 
18:47:05.068 DEBUG Skipping slash command undeafen. Disabled! 
18:47:05.071 DEBUG Skipping slash command unmute. Disabled! 
18:47:05.074 DEBUG Skipping slash command vmute. Disabled! 
18:47:05.076 DEBUG Skipping slash command vunmute. Disabled! 
18:47:05.383 INFO  Loaded 90 commands 
18:47:05.383 INFO  Loaded 73 slash commands 
18:47:05.383 INFO  Loading contexts... 
18:47:05.389 INFO  Loaded 2 USER contexts 
18:47:05.389 INFO  Loaded 0 MESSAGE contexts 
18:47:05.390 INFO  Loading events... 
18:47:05.478 INFO  Loaded 20 events. Success (20) Failed (0) 
18:47:05.909 INFO  VersionCheck: Your discord bot is up to date 
18:47:05.910 INFO  Validating config.js and environment variables 
18:47:05.911 INFO  Launching dashboard 
18:47:08.903 INFO  Connecting to MongoDb... 
18:47:08.913 INFO  Dashboard is listening on port 8080 
18:47:09.699 INFO  Mongoose: Database connection established 
18:47:10.484 INFO  Logged in as Administração 24/7#5708! (914361895291617291) 
18:47:10.484 INFO  Initializing music manager 
18:47:10.875 INFO  Successfully registered slash commands 
18:47:11.055 INFO  Node "Something Host" connected 
18:47:11.603 INFO  Node "DBL Lavalink" connected 
18:53:11.409 INFO  Loading commands... 
18:53:11.565 DEBUG Skipping slash command avatar. Disabled! 
18:53:11.568 DEBUG Skipping slash command botinvite. Disabled! 
18:53:11.582 DEBUG Skipping slash command botstats. Disabled! 
18:53:11.586 DEBUG Skipping slash command channelinfo. Disabled! 
18:53:11.589 DEBUG Skipping slash command emojiinfo. Disabled! 
18:53:11.594 DEBUG Skipping slash command guildinfo. Disabled! 
18:53:11.627 DEBUG Skipping command bot. Disabled! 
18:53:11.630 DEBUG Skipping command info. Disabled! 
18:53:11.631 DEBUG Skipping slash command uptime. Disabled! 
18:53:11.633 DEBUG Skipping slash command userinfo. Disabled! 
18:53:11.667 DEBUG Skipping slash command deafen. Disabled! 
18:53:11.670 DEBUG Skipping slash command disconnect. Disabled! 
18:53:11.676 DEBUG Skipping slash command move. Disabled! 
18:53:11.681 DEBUG Skipping slash command purge. Disabled! 
18:53:11.682 DEBUG Skipping slash command purgeattach. Disabled! 
18:53:11.684 DEBUG Skipping slash command purgebots. Disabled! 
18:53:11.687 DEBUG Skipping slash command purgelinks. Disabled! 
18:53:11.689 DEBUG Skipping slash command purgetoken. Disabled! 
18:53:11.691 DEBUG Skipping slash command purgeuser. Disabled! 
18:53:11.696 DEBUG Skipping command purge. Disabled! 
18:53:11.699 DEBUG Skipping command voice. Disabled! 
18:53:11.702 DEBUG Skipping slash command undeafen. Disabled! 
18:53:11.705 DEBUG Skipping slash command unmute. Disabled! 
18:53:11.707 DEBUG Skipping slash command vmute. Disabled! 
18:53:11.708 DEBUG Skipping slash command vunmute. Disabled! 
18:53:11.785 INFO  Loaded 90 commands 
18:53:11.786 INFO  Loaded 73 slash commands 
18:53:11.787 INFO  Loading contexts... 
18:53:11.797 INFO  Loaded 2 USER contexts 
18:53:11.798 INFO  Loaded 0 MESSAGE contexts 
18:53:11.798 INFO  Loading events... 
18:53:11.882 INFO  Loaded 20 events. Success (20) Failed (0) 
18:53:12.318 INFO  VersionCheck: Your discord bot is up to date 
18:53:12.319 INFO  Validating config.js and environment variables 
18:53:12.320 INFO  Launching dashboard 
18:53:12.822 INFO  Connecting to MongoDb... 
18:53:12.832 INFO  Dashboard is listening on port 8080 
18:53:13.538 INFO  Mongoose: Database connection established 
18:53:14.280 INFO  Logged in as Administração 24/7#5708! (914361895291617291) 
18:53:14.280 INFO  Initializing music manager 
18:53:14.681 INFO  Successfully registered slash commands 
18:53:14.791 INFO  Node "Something Host" connected 
18:53:14.951 INFO  Node "DBL Lavalink" connected 
18:59:54.506 INFO  Loading commands... 
18:59:54.838 DEBUG Skipping slash command avatar. Disabled! 
18:59:54.843 DEBUG Skipping slash command botinvite. Disabled! 
18:59:54.889 DEBUG Skipping slash command botstats. Disabled! 
18:59:54.894 DEBUG Skipping slash command channelinfo. Disabled! 
18:59:54.897 DEBUG Skipping slash command emojiinfo. Disabled! 
18:59:54.903 DEBUG Skipping slash command guildinfo. Disabled! 
18:59:54.952 DEBUG Skipping command bot. Disabled! 
18:59:54.955 DEBUG Skipping command info. Disabled! 
18:59:54.957 DEBUG Skipping slash command uptime. Disabled! 
18:59:54.959 DEBUG Skipping slash command userinfo. Disabled! 
18:59:55.029 DEBUG Skipping slash command deafen. Disabled! 
18:59:55.034 DEBUG Skipping slash command disconnect. Disabled! 
18:59:55.041 DEBUG Skipping slash command move. Disabled! 
18:59:55.048 DEBUG Skipping slash command purge. Disabled! 
18:59:55.050 DEBUG Skipping slash command purgeattach. Disabled! 
18:59:55.052 DEBUG Skipping slash command purgebots. Disabled! 
18:59:55.054 DEBUG Skipping slash command purgelinks. Disabled! 
18:59:55.057 DEBUG Skipping slash command purgetoken. Disabled! 
18:59:55.059 DEBUG Skipping slash command purgeuser. Disabled! 
18:59:55.081 DEBUG Skipping command purge. Disabled! 
18:59:55.084 DEBUG Skipping command voice. Disabled! 
18:59:55.097 DEBUG Skipping slash command undeafen. Disabled! 
18:59:55.099 DEBUG Skipping slash command unmute. Disabled! 
18:59:55.101 DEBUG Skipping slash command vmute. Disabled! 
18:59:55.104 DEBUG Skipping slash command vunmute. Disabled! 
18:59:55.305 INFO  Loaded 90 commands 
18:59:55.305 INFO  Loaded 73 slash commands 
18:59:55.306 INFO  Loading contexts... 
18:59:55.311 INFO  Loaded 2 USER contexts 
18:59:55.311 INFO  Loaded 0 MESSAGE contexts 
18:59:55.312 INFO  Loading events... 
18:59:55.403 INFO  Loaded 20 events. Success (20) Failed (0) 
18:59:55.820 INFO  VersionCheck: Your discord bot is up to date 
18:59:55.820 INFO  Validating config.js and environment variables 
18:59:55.821 INFO  Launching dashboard 
18:59:57.482 INFO  Connecting to MongoDb... 
18:59:57.492 INFO  Dashboard is listening on port 8080 
18:59:58.318 INFO  Mongoose: Database connection established 
18:59:59.071 INFO  Logged in as Administração 24/7#5708! (914361895291617291) 
18:59:59.071 INFO  Initializing music manager 
18:59:59.503 INFO  Successfully registered slash commands 
18:59:59.701 INFO  Node "Something Host" connected 
18:59:59.713 INFO  Node "DBL Lavalink" connected 
19:54:14.850 INFO  Loading commands... 
19:54:15.250 DEBUG Skipping slash command avatar. Disabled! 
19:54:15.252 DEBUG Skipping slash command botinvite. Disabled! 
19:54:15.302 DEBUG Skipping slash command botstats. Disabled! 
19:54:15.305 DEBUG Skipping slash command channelinfo. Disabled! 
19:54:15.308 DEBUG Skipping slash command emojiinfo. Disabled! 
19:54:15.311 DEBUG Skipping slash command guildinfo. Disabled! 
19:54:15.328 DEBUG Skipping command bot. Disabled! 
19:54:15.330 DEBUG Skipping command info. Disabled! 
19:54:15.331 DEBUG Skipping slash command uptime. Disabled! 
19:54:15.333 DEBUG Skipping slash command userinfo. Disabled! 
19:54:15.359 DEBUG Skipping slash command deafen. Disabled! 
19:54:15.362 DEBUG Skipping slash command disconnect. Disabled! 
19:54:15.365 DEBUG Skipping slash command move. Disabled! 
19:54:15.369 DEBUG Skipping slash command purge. Disabled! 
19:54:15.371 DEBUG Skipping slash command purgeattach. Disabled! 
19:54:15.372 DEBUG Skipping slash command purgebots. Disabled! 
19:54:15.373 DEBUG Skipping slash command purgelinks. Disabled! 
19:54:15.375 DEBUG Skipping slash command purgetoken. Disabled! 
19:54:15.377 DEBUG Skipping slash command purgeuser. Disabled! 
19:54:15.382 DEBUG Skipping command purge. Disabled! 
19:54:15.384 DEBUG Skipping command voice. Disabled! 
19:54:15.386 DEBUG Skipping slash command undeafen. Disabled! 
19:54:15.388 DEBUG Skipping slash command unmute. Disabled! 
19:54:15.389 DEBUG Skipping slash command vmute. Disabled! 
19:54:15.391 DEBUG Skipping slash command vunmute. Disabled! 
19:54:15.709 INFO  Loaded 90 commands 
19:54:15.710 INFO  Loaded 73 slash commands 
19:54:15.711 INFO  Loading contexts... 
19:54:15.716 INFO  Loaded 2 USER contexts 
19:54:15.717 INFO  Loaded 0 MESSAGE contexts 
19:54:15.718 INFO  Loading events... 
19:54:15.816 INFO  Loaded 20 events. Success (20) Failed (0) 
19:54:16.762 INFO  VersionCheck: Your discord bot is up to date 
19:54:16.770 INFO  Validating config.js and environment variables 
19:54:16.771 INFO  Launching dashboard 
19:54:19.773 INFO  Connecting to MongoDb... 
19:54:19.872 INFO  Dashboard is listening on port 8080 
19:54:20.972 INFO  Mongoose: Database connection established 
19:54:21.761 INFO  Logged in as Administração 24/7#5708! (914361895291617291) 
19:54:21.763 INFO  Initializing music manager 
19:54:22.112 INFO  Successfully registered slash commands 
19:54:22.337 INFO  Node "Something Host" connected 
19:54:22.533 INFO  Node "DBL Lavalink" connected 
19:55:08.317 WARN  Node "DBL Lavalink" is reconnecting 
19:55:35.347 INFO  Loading commands... 
19:55:35.498 DEBUG Skipping slash command avatar. Disabled! 
19:55:35.501 DEBUG Skipping slash command botinvite. Disabled! 
19:55:35.506 DEBUG Skipping slash command botstats. Disabled! 
19:55:35.509 DEBUG Skipping slash command channelinfo. Disabled! 
19:55:35.511 DEBUG Skipping slash command emojiinfo. Disabled! 
19:55:35.514 DEBUG Skipping slash command guildinfo. Disabled! 
19:55:35.529 DEBUG Skipping command bot. Disabled! 
19:55:35.531 DEBUG Skipping command info. Disabled! 
19:55:35.532 DEBUG Skipping slash command uptime. Disabled! 
19:55:35.534 DEBUG Skipping slash command userinfo. Disabled! 
19:55:35.559 DEBUG Skipping slash command deafen. Disabled! 
19:55:35.562 DEBUG Skipping slash command disconnect. Disabled! 
19:55:35.566 DEBUG Skipping slash command move. Disabled! 
19:55:35.571 DEBUG Skipping slash command purge. Disabled! 
19:55:35.572 DEBUG Skipping slash command purgeattach. Disabled! 
19:55:35.574 DEBUG Skipping slash command purgebots. Disabled! 
19:55:35.575 DEBUG Skipping slash command purgelinks. Disabled! 
19:55:35.576 DEBUG Skipping slash command purgetoken. Disabled! 
19:55:35.578 DEBUG Skipping slash command purgeuser. Disabled! 
19:55:35.582 DEBUG Skipping command purge. Disabled! 
19:55:35.585 DEBUG Skipping command voice. Disabled! 
19:55:35.587 DEBUG Skipping slash command undeafen. Disabled! 
19:55:35.589 DEBUG Skipping slash command unmute. Disabled! 
19:55:35.590 DEBUG Skipping slash command vmute. Disabled! 
19:55:35.591 DEBUG Skipping slash command vunmute. Disabled! 
19:55:35.644 INFO  Loaded 90 commands 
19:55:35.645 INFO  Loaded 73 slash commands 
19:55:35.645 INFO  Loading contexts... 
19:55:35.651 INFO  Loaded 2 USER contexts 
19:55:35.651 INFO  Loaded 0 MESSAGE contexts 
19:55:35.652 INFO  Loading events... 
19:55:35.725 INFO  Loaded 20 events. Success (20) Failed (0) 
19:55:36.215 INFO  VersionCheck: Your discord bot is up to date 
19:55:36.218 INFO  Validating config.js and environment variables 
19:55:36.219 INFO  Launching dashboard 
19:55:36.537 INFO  Connecting to MongoDb... 
19:55:36.546 INFO  Dashboard is listening on port 8080 
19:55:37.506 INFO  Mongoose: Database connection established 
19:55:38.326 INFO  Logged in as Administração 24/7#5708! (914361895291617291) 
19:55:38.328 INFO  Initializing music manager 
19:55:38.779 INFO  Successfully registered slash commands 
19:55:38.849 INFO  Node "Something Host" connected 
19:55:58.842 INFO  Node "DBL Lavalink" connected 
20:00:44.417 INFO  Entrou no Servidor: Servidor de mIRA Membros: 3 
20:50:07.624 INFO  Loading commands... 
20:50:08.174 DEBUG Skipping slash command avatar. Disabled! 
20:50:08.185 DEBUG Skipping slash command botinvite. Disabled! 
20:50:08.219 DEBUG Skipping slash command botstats. Disabled! 
20:50:08.232 DEBUG Skipping slash command channelinfo. Disabled! 
20:50:08.236 DEBUG Skipping slash command emojiinfo. Disabled! 
20:50:08.291 DEBUG Skipping slash command guildinfo. Disabled! 
20:50:08.344 DEBUG Skipping command bot. Disabled! 
20:50:08.346 DEBUG Skipping command info. Disabled! 
20:50:08.348 DEBUG Skipping slash command uptime. Disabled! 
20:50:08.354 DEBUG Skipping slash command userinfo. Disabled! 
20:50:08.476 DEBUG Skipping slash command deafen. Disabled! 
20:50:08.479 DEBUG Skipping slash command disconnect. Disabled! 
20:50:08.494 DEBUG Skipping slash command move. Disabled! 
20:50:08.555 DEBUG Skipping slash command purge. Disabled! 
20:50:08.558 DEBUG Skipping slash command purgeattach. Disabled! 
20:50:08.559 DEBUG Skipping slash command purgebots. Disabled! 
20:50:08.572 DEBUG Skipping slash command purgelinks. Disabled! 
20:50:08.579 DEBUG Skipping slash command purgetoken. Disabled! 
20:50:08.585 DEBUG Skipping slash command purgeuser. Disabled! 
20:50:08.613 DEBUG Skipping command purge. Disabled! 
20:50:08.619 DEBUG Skipping command voice. Disabled! 
20:50:08.636 DEBUG Skipping slash command undeafen. Disabled! 
20:50:08.638 DEBUG Skipping slash command unmute. Disabled! 
20:50:08.641 DEBUG Skipping slash command vmute. Disabled! 
20:50:08.644 DEBUG Skipping slash command vunmute. Disabled! 
20:50:08.989 INFO  Loaded 90 commands 
20:50:08.989 INFO  Loaded 73 slash commands 
20:50:08.990 INFO  Loading contexts... 
20:50:08.996 INFO  Loaded 2 USER contexts 
20:50:08.997 INFO  Loaded 0 MESSAGE contexts 
20:50:08.998 INFO  Loading events... 
20:50:09.180 INFO  Loaded 20 events. Success (20) Failed (0) 
20:50:09.632 INFO  VersionCheck: Your discord bot is up to date 
20:50:09.634 INFO  Validating config.js and environment variables 
20:50:09.636 INFO  Launching dashboard 
20:50:11.670 INFO  Connecting to MongoDb... 
20:50:11.681 INFO  Dashboard is listening on port 80 
20:50:12.878 INFO  Mongoose: Database connection established 
20:50:13.619 INFO  Logged in as Administração 24/7#5708! (914361895291617291) 
20:50:13.622 INFO  Initializing music manager 
20:50:13.940 INFO  Successfully registered slash commands 
20:50:14.244 INFO  Node "Something Host" connected 
20:50:14.294 INFO  Node "DBL Lavalink" connected 
20:51:18.925 INFO  Loading commands... 
20:51:19.072 DEBUG Skipping slash command avatar. Disabled! 
20:51:19.075 DEBUG Skipping slash command botinvite. Disabled! 
20:51:19.080 DEBUG Skipping slash command botstats. Disabled! 
20:51:19.082 DEBUG Skipping slash command channelinfo. Disabled! 
20:51:19.085 DEBUG Skipping slash command emojiinfo. Disabled! 
20:51:19.088 DEBUG Skipping slash command guildinfo. Disabled! 
20:51:19.101 DEBUG Skipping command bot. Disabled! 
20:51:19.103 DEBUG Skipping command info. Disabled! 
20:51:19.104 DEBUG Skipping slash command uptime. Disabled! 
20:51:19.105 DEBUG Skipping slash command userinfo. Disabled! 
20:51:19.128 DEBUG Skipping slash command deafen. Disabled! 
20:51:19.132 DEBUG Skipping slash command disconnect. Disabled! 
20:51:19.137 DEBUG Skipping slash command move. Disabled! 
20:51:19.141 DEBUG Skipping slash command purge. Disabled! 
20:51:19.142 DEBUG Skipping slash command purgeattach. Disabled! 
20:51:19.143 DEBUG Skipping slash command purgebots. Disabled! 
20:51:19.145 DEBUG Skipping slash command purgelinks. Disabled! 
20:51:19.146 DEBUG Skipping slash command purgetoken. Disabled! 
20:51:19.148 DEBUG Skipping slash command purgeuser. Disabled! 
20:51:19.152 DEBUG Skipping command purge. Disabled! 
20:51:19.154 DEBUG Skipping command voice. Disabled! 
20:51:19.157 DEBUG Skipping slash command undeafen. Disabled! 
20:51:19.158 DEBUG Skipping slash command unmute. Disabled! 
20:51:19.159 DEBUG Skipping slash command vmute. Disabled! 
20:51:19.161 DEBUG Skipping slash command vunmute. Disabled! 
20:51:19.216 INFO  Loaded 90 commands 
20:51:19.220 INFO  Loaded 73 slash commands 
20:51:19.221 INFO  Loading contexts... 
20:51:19.226 INFO  Loaded 2 USER contexts 
20:51:19.228 INFO  Loaded 0 MESSAGE contexts 
20:51:19.229 INFO  Loading events... 
20:51:19.306 INFO  Loaded 20 events. Success (20) Failed (0) 
20:51:19.759 INFO  VersionCheck: Your discord bot is up to date 
20:51:19.761 INFO  Validating config.js and environment variables 
20:51:19.763 INFO  Launching dashboard 
20:51:20.069 INFO  Connecting to MongoDb... 
20:51:20.079 INFO  Dashboard is listening on port 8080 
20:51:20.998 INFO  Mongoose: Database connection established 
20:51:21.789 INFO  Logged in as Administração 24/7#5708! (914361895291617291) 
20:51:21.791 INFO  Initializing music manager 
20:51:22.190 INFO  Successfully registered slash commands 
20:51:22.292 INFO  Node "Something Host" connected 
20:51:22.394 INFO  Node "DBL Lavalink" connected 
20:51:53.671 INFO  Loading commands... 
20:51:53.819 DEBUG Skipping slash command avatar. Disabled! 
20:51:53.821 DEBUG Skipping slash command botinvite. Disabled! 
20:51:53.827 DEBUG Skipping slash command botstats. Disabled! 
20:51:53.829 DEBUG Skipping slash command channelinfo. Disabled! 
20:51:53.831 DEBUG Skipping slash command emojiinfo. Disabled! 
20:51:53.834 DEBUG Skipping slash command guildinfo. Disabled! 
20:51:53.848 DEBUG Skipping command bot. Disabled! 
20:51:53.849 DEBUG Skipping command info. Disabled! 
20:51:53.851 DEBUG Skipping slash command uptime. Disabled! 
20:51:53.852 DEBUG Skipping slash command userinfo. Disabled! 
20:51:53.877 DEBUG Skipping slash command deafen. Disabled! 
20:51:53.880 DEBUG Skipping slash command disconnect. Disabled! 
20:51:53.883 DEBUG Skipping slash command move. Disabled! 
20:51:53.887 DEBUG Skipping slash command purge. Disabled! 
20:51:53.888 DEBUG Skipping slash command purgeattach. Disabled! 
20:51:53.890 DEBUG Skipping slash command purgebots. Disabled! 
20:51:53.891 DEBUG Skipping slash command purgelinks. Disabled! 
20:51:53.892 DEBUG Skipping slash command purgetoken. Disabled! 
20:51:53.893 DEBUG Skipping slash command purgeuser. Disabled! 
20:51:53.898 DEBUG Skipping command purge. Disabled! 
20:51:53.900 DEBUG Skipping command voice. Disabled! 
20:51:53.902 DEBUG Skipping slash command undeafen. Disabled! 
20:51:53.904 DEBUG Skipping slash command unmute. Disabled! 
20:51:53.905 DEBUG Skipping slash command vmute. Disabled! 
20:51:53.906 DEBUG Skipping slash command vunmute. Disabled! 
20:51:53.962 INFO  Loaded 90 commands 
20:51:53.964 INFO  Loaded 73 slash commands 
20:51:53.966 INFO  Loading contexts... 
20:51:53.971 INFO  Loaded 2 USER contexts 
20:51:53.972 INFO  Loaded 0 MESSAGE contexts 
20:51:53.973 INFO  Loading events... 
20:51:54.044 INFO  Loaded 20 events. Success (20) Failed (0) 
20:51:54.736 INFO  VersionCheck: Your discord bot is up to date 
20:51:54.739 INFO  Validating config.js and environment variables 
20:51:54.741 INFO  Launching dashboard 
20:51:55.051 INFO  Connecting to MongoDb... 
20:51:55.061 INFO  Dashboard is listening on port 443 
20:51:55.607 INFO  Mongoose: Database connection established 
20:51:56.386 INFO  Logged in as Administração 24/7#5708! (914361895291617291) 
20:51:56.390 INFO  Initializing music manager 
20:51:56.795 INFO  Successfully registered slash commands 
20:51:56.814 INFO  Node "DBL Lavalink" connected 
20:51:56.970 INFO  Node "Something Host" connected 
20:58:05.738 INFO  Loading commands... 
20:58:05.957 DEBUG Skipping slash command avatar. Disabled! 
20:58:05.960 DEBUG Skipping slash command botinvite. Disabled! 
20:58:05.967 DEBUG Skipping slash command botstats. Disabled! 
20:58:05.974 DEBUG Skipping slash command channelinfo. Disabled! 
20:58:05.979 DEBUG Skipping slash command emojiinfo. Disabled! 
20:58:05.984 DEBUG Skipping slash command guildinfo. Disabled! 
20:58:05.999 DEBUG Skipping command bot. Disabled! 
20:58:06.001 DEBUG Skipping command info. Disabled! 
20:58:06.003 DEBUG Skipping slash command uptime. Disabled! 
20:58:06.005 DEBUG Skipping slash command userinfo. Disabled! 
20:58:06.033 DEBUG Skipping slash command deafen. Disabled! 
20:58:06.036 DEBUG Skipping slash command disconnect. Disabled! 
20:58:06.040 DEBUG Skipping slash command move. Disabled! 
20:58:06.044 DEBUG Skipping slash command purge. Disabled! 
20:58:06.046 DEBUG Skipping slash command purgeattach. Disabled! 
20:58:06.047 DEBUG Skipping slash command purgebots. Disabled! 
20:58:06.049 DEBUG Skipping slash command purgelinks. Disabled! 
20:58:06.051 DEBUG Skipping slash command purgetoken. Disabled! 
20:58:06.053 DEBUG Skipping slash command purgeuser. Disabled! 
20:58:06.057 DEBUG Skipping command purge. Disabled! 
20:58:06.059 DEBUG Skipping command voice. Disabled! 
20:58:06.063 DEBUG Skipping slash command undeafen. Disabled! 
20:58:06.066 DEBUG Skipping slash command unmute. Disabled! 
20:58:06.068 DEBUG Skipping slash command vmute. Disabled! 
20:58:06.070 DEBUG Skipping slash command vunmute. Disabled! 
20:58:06.169 INFO  Loaded 90 commands 
20:58:06.172 INFO  Loaded 73 slash commands 
20:58:06.173 INFO  Loading contexts... 
20:58:06.180 INFO  Loaded 2 USER contexts 
20:58:06.181 INFO  Loaded 0 MESSAGE contexts 
20:58:06.182 INFO  Loading events... 
20:58:06.256 INFO  Loaded 20 events. Success (20) Failed (0) 
20:58:06.698 INFO  VersionCheck: Your discord bot is up to date 
20:58:06.700 INFO  Validating config.js and environment variables 
20:58:06.702 INFO  Launching dashboard 
20:58:07.120 INFO  Connecting to MongoDb... 
20:58:07.130 INFO  Dashboard is listening on port 8080 
20:58:09.442 INFO  Mongoose: Database connection established 
20:58:10.281 INFO  Logged in as Administração 24/7#5708! (914361895291617291) 
20:58:10.283 INFO  Initializing music manager 
20:58:10.683 INFO  Successfully registered slash commands 
20:58:10.825 INFO  Node "Something Host" connected 
20:58:12.796 INFO  Node "DBL Lavalink" connected 
21:00:31.560 INFO  Loading commands... 
21:00:31.716 DEBUG Skipping slash command avatar. Disabled! 
21:00:31.718 DEBUG Skipping slash command botinvite. Disabled! 
21:00:31.724 DEBUG Skipping slash command botstats. Disabled! 
21:00:31.726 DEBUG Skipping slash command channelinfo. Disabled! 
21:00:31.729 DEBUG Skipping slash command emojiinfo. Disabled! 
21:00:31.732 DEBUG Skipping slash command guildinfo. Disabled! 
21:00:31.745 DEBUG Skipping command bot. Disabled! 
21:00:31.747 DEBUG Skipping command info. Disabled! 
21:00:31.748 DEBUG Skipping slash command uptime. Disabled! 
21:00:31.750 DEBUG Skipping slash command userinfo. Disabled! 
21:00:31.773 DEBUG Skipping slash command deafen. Disabled! 
21:00:31.776 DEBUG Skipping slash command disconnect. Disabled! 
21:00:31.779 DEBUG Skipping slash command move. Disabled! 
21:00:31.783 DEBUG Skipping slash command purge. Disabled! 
21:00:31.784 DEBUG Skipping slash command purgeattach. Disabled! 
21:00:31.786 DEBUG Skipping slash command purgebots. Disabled! 
21:00:31.787 DEBUG Skipping slash command purgelinks. Disabled! 
21:00:31.788 DEBUG Skipping slash command purgetoken. Disabled! 
21:00:31.790 DEBUG Skipping slash command purgeuser. Disabled! 
21:00:31.794 DEBUG Skipping command purge. Disabled! 
21:00:31.796 DEBUG Skipping command voice. Disabled! 
21:00:31.799 DEBUG Skipping slash command undeafen. Disabled! 
21:00:31.800 DEBUG Skipping slash command unmute. Disabled! 
21:00:31.802 DEBUG Skipping slash command vmute. Disabled! 
21:00:31.803 DEBUG Skipping slash command vunmute. Disabled! 
21:00:31.854 INFO  Loaded 90 commands 
21:00:31.856 INFO  Loaded 73 slash commands 
21:00:31.858 INFO  Loading contexts... 
21:00:31.864 INFO  Loaded 2 USER contexts 
21:00:31.865 INFO  Loaded 0 MESSAGE contexts 
21:00:31.866 INFO  Loading events... 
21:00:31.945 INFO  Loaded 20 events. Success (20) Failed (0) 
21:00:32.375 INFO  VersionCheck: Your discord bot is up to date 
21:00:32.378 INFO  Validating config.js and environment variables 
21:00:32.379 INFO  Launching dashboard 
21:00:32.673 INFO  Connecting to MongoDb... 
21:00:32.683 INFO  Dashboard is listening on port 8080 
21:00:34.480 INFO  Mongoose: Database connection established 
21:00:35.307 INFO  Logged in as Administração 24/7#5708! (914361895291617291) 
21:00:35.309 INFO  Initializing music manager 
21:00:35.812 INFO  Successfully registered slash commands 
21:00:35.861 INFO  Node "Something Host" connected 
21:00:35.880 INFO  Node "DBL Lavalink" connected 
21:02:08.092 INFO  Loading commands... 
21:02:08.239 DEBUG Skipping slash command avatar. Disabled! 
21:02:08.241 DEBUG Skipping slash command botinvite. Disabled! 
21:02:08.246 DEBUG Skipping slash command botstats. Disabled! 
21:02:08.249 DEBUG Skipping slash command channelinfo. Disabled! 
21:02:08.251 DEBUG Skipping slash command emojiinfo. Disabled! 
21:02:08.255 DEBUG Skipping slash command guildinfo. Disabled! 
21:02:08.269 DEBUG Skipping command bot. Disabled! 
21:02:08.270 DEBUG Skipping command info. Disabled! 
21:02:08.272 DEBUG Skipping slash command uptime. Disabled! 
21:02:08.273 DEBUG Skipping slash command userinfo. Disabled! 
21:02:08.298 DEBUG Skipping slash command deafen. Disabled! 
21:02:08.301 DEBUG Skipping slash command disconnect. Disabled! 
21:02:08.304 DEBUG Skipping slash command move. Disabled! 
21:02:08.309 DEBUG Skipping slash command purge. Disabled! 
21:02:08.310 DEBUG Skipping slash command purgeattach. Disabled! 
21:02:08.311 DEBUG Skipping slash command purgebots. Disabled! 
21:02:08.313 DEBUG Skipping slash command purgelinks. Disabled! 
21:02:08.314 DEBUG Skipping slash command purgetoken. Disabled! 
21:02:08.315 DEBUG Skipping slash command purgeuser. Disabled! 
21:02:08.320 DEBUG Skipping command purge. Disabled! 
21:02:08.322 DEBUG Skipping command voice. Disabled! 
21:02:08.324 DEBUG Skipping slash command undeafen. Disabled! 
21:02:08.325 DEBUG Skipping slash command unmute. Disabled! 
21:02:08.327 DEBUG Skipping slash command vmute. Disabled! 
21:02:08.328 DEBUG Skipping slash command vunmute. Disabled! 
21:02:08.377 INFO  Loaded 90 commands 
21:02:08.379 INFO  Loaded 73 slash commands 
21:02:08.380 INFO  Loading contexts... 
21:02:08.386 INFO  Loaded 2 USER contexts 
21:02:08.387 INFO  Loaded 0 MESSAGE contexts 
21:02:08.388 INFO  Loading events... 
21:02:08.458 INFO  Loaded 20 events. Success (20) Failed (0) 
21:02:08.845 INFO  VersionCheck: Your discord bot is up to date 
21:02:08.847 INFO  Validating config.js and environment variables 
21:02:08.849 INFO  Launching dashboard 
21:02:09.141 INFO  Connecting to MongoDb... 
21:02:09.151 INFO  Dashboard is listening on port 8080 
21:02:10.040 INFO  Mongoose: Database connection established 
21:02:10.834 INFO  Logged in as Administração 24/7#5708! (914361895291617291) 
21:02:10.837 INFO  Initializing music manager 
21:02:11.320 INFO  Node "Something Host" connected 
21:02:11.467 INFO  Node "DBL Lavalink" connected 
21:02:11.604 INFO  Successfully registered slash commands 
21:02:47.618 INFO  Loading commands... 
21:02:47.766 DEBUG Skipping slash command avatar. Disabled! 
21:02:47.768 DEBUG Skipping slash command botinvite. Disabled! 
21:02:47.773 DEBUG Skipping slash command botstats. Disabled! 
21:02:47.776 DEBUG Skipping slash command channelinfo. Disabled! 
21:02:47.778 DEBUG Skipping slash command emojiinfo. Disabled! 
21:02:47.781 DEBUG Skipping slash command guildinfo. Disabled! 
21:02:47.795 DEBUG Skipping command bot. Disabled! 
21:02:47.797 DEBUG Skipping command info. Disabled! 
21:02:47.798 DEBUG Skipping slash command uptime. Disabled! 
21:02:47.799 DEBUG Skipping slash command userinfo. Disabled! 
21:02:47.823 DEBUG Skipping slash command deafen. Disabled! 
21:02:47.826 DEBUG Skipping slash command disconnect. Disabled! 
21:02:47.829 DEBUG Skipping slash command move. Disabled! 
21:02:47.833 DEBUG Skipping slash command purge. Disabled! 
21:02:47.835 DEBUG Skipping slash command purgeattach. Disabled! 
21:02:47.836 DEBUG Skipping slash command purgebots. Disabled! 
21:02:47.837 DEBUG Skipping slash command purgelinks. Disabled! 
21:02:47.839 DEBUG Skipping slash command purgetoken. Disabled! 
21:02:47.840 DEBUG Skipping slash command purgeuser. Disabled! 
21:02:47.845 DEBUG Skipping command purge. Disabled! 
21:02:47.847 DEBUG Skipping command voice. Disabled! 
21:02:47.850 DEBUG Skipping slash command undeafen. Disabled! 
21:02:47.851 DEBUG Skipping slash command unmute. Disabled! 
21:02:47.852 DEBUG Skipping slash command vmute. Disabled! 
21:02:47.854 DEBUG Skipping slash command vunmute. Disabled! 
21:02:47.907 INFO  Loaded 90 commands 
21:02:47.909 INFO  Loaded 73 slash commands 
21:02:47.911 INFO  Loading contexts... 
21:02:47.916 INFO  Loaded 2 USER contexts 
21:02:47.917 INFO  Loaded 0 MESSAGE contexts 
21:02:47.918 INFO  Loading events... 
21:02:47.989 INFO  Loaded 20 events. Success (20) Failed (0) 
21:02:48.371 INFO  VersionCheck: Your discord bot is up to date 
21:02:48.377 INFO  Validating config.js and environment variables 
21:02:48.378 INFO  Launching dashboard 
21:02:48.677 INFO  Connecting to MongoDb... 
21:02:48.688 INFO  Dashboard is listening on port 8080 
21:02:49.469 INFO  Mongoose: Database connection established 
21:02:50.254 INFO  Logged in as Administração 24/7#5708! (914361895291617291) 
21:02:50.256 INFO  Initializing music manager 
21:02:50.594 INFO  Successfully registered slash commands 
21:02:50.665 INFO  Node "DBL Lavalink" connected 
21:02:50.739 INFO  Node "Something Host" connected 
23:42:23.560 INFO  Loading commands... 
23:42:24.419 DEBUG Skipping slash command avatar. Disabled! 
23:42:24.447 DEBUG Skipping slash command botinvite. Disabled! 
23:42:24.505 DEBUG Skipping slash command botstats. Disabled! 
23:42:24.519 DEBUG Skipping slash command channelinfo. Disabled! 
23:42:24.526 DEBUG Skipping slash command emojiinfo. Disabled! 
23:42:24.534 DEBUG Skipping slash command guildinfo. Disabled! 
23:42:24.585 DEBUG Skipping command bot. Disabled! 
23:42:24.591 DEBUG Skipping command info. Disabled! 
23:42:24.595 DEBUG Skipping slash command uptime. Disabled! 
23:42:24.607 DEBUG Skipping slash command userinfo. Disabled! 
23:42:24.744 DEBUG Skipping slash command deafen. Disabled! 
23:42:24.771 DEBUG Skipping slash command disconnect. Disabled! 
23:42:24.788 DEBUG Skipping slash command move. Disabled! 
23:42:24.816 DEBUG Skipping slash command purge. Disabled! 
23:42:24.819 DEBUG Skipping slash command purgeattach. Disabled! 
23:42:24.821 DEBUG Skipping slash command purgebots. Disabled! 
23:42:24.833 DEBUG Skipping slash command purgelinks. Disabled! 
23:42:24.841 DEBUG Skipping slash command purgetoken. Disabled! 
23:42:24.854 DEBUG Skipping slash command purgeuser. Disabled! 
23:42:24.883 DEBUG Skipping command purge. Disabled! 
23:42:24.888 DEBUG Skipping command voice. Disabled! 
23:42:24.906 DEBUG Skipping slash command undeafen. Disabled! 
23:42:24.908 DEBUG Skipping slash command unmute. Disabled! 
23:42:24.910 DEBUG Skipping slash command vmute. Disabled! 
23:42:24.913 DEBUG Skipping slash command vunmute. Disabled! 
23:42:25.349 INFO  Loaded 90 commands 
23:42:25.350 INFO  Loaded 73 slash commands 
23:42:25.351 INFO  Loading contexts... 
23:42:25.359 INFO  Loaded 2 USER contexts 
23:42:25.360 INFO  Loaded 0 MESSAGE contexts 
23:42:25.361 INFO  Loading events... 
23:42:25.624 INFO  Loaded 20 events. Success (20) Failed (0) 
23:42:26.437 INFO  VersionCheck: Your discord bot is up to date 
23:42:26.440 INFO  Validating config.js and environment variables 
23:42:26.442 INFO  Connecting to MongoDb... 
23:42:28.427 INFO  Mongoose: Database connection established 
23:42:29.478 INFO  Logged in as Administração 24/7#5708! (914361895291617291) 
23:42:29.480 INFO  Initializing music manager 
23:42:29.855 INFO  Successfully registered slash commands 
23:42:30.126 INFO  Node "Something Host" connected 
23:42:30.300 INFO  Node "DBL Lavalink" connected 
